This is pdfTeX, Version 3.14159265-2.6-1.40.19 (TeX Live 2018) (preloaded format=pdflatex 2018.5.31)  27 AUG 2018 17:19
entering extended mode
 \write18 enabled.
 file:line:error style messages enabled.
 %&-line parsing enabled.
**rapport_sting_greenspector.tex
(./rapport_sting_greenspector.tex
LaTeX2e <2018-04-01> patch level 2
Babel <3.18> and hyphenation patterns for 84 language(s) loaded.
(/usr/local/texlive/2018/texmf-dist/tex/latex/base/report.cls
Document Class: report 2014/09/29 v1.4h Standard LaTeX document class
(/usr/local/texlive/2018/texmf-dist/tex/latex/base/size12.clo
File: size12.clo 2014/09/29 v1.4h Standard LaTeX file (size option)
)
\c@part=\count80
\c@chapter=\count81
\c@section=\count82
\c@subsection=\count83
\c@subsubsection=\count84
\c@paragraph=\count85
\c@subparagraph=\count86
\c@figure=\count87
\c@table=\count88
\abovecaptionskip=\skip41
\belowcaptionskip=\skip42
\bibindent=\dimen102
)
(/usr/local/texlive/2018/texmf-dist/tex/latex/base/inputenc.sty
Package: inputenc 2018/04/06 v1.3b Input encoding file
\inpenc@prehook=\toks14
\inpenc@posthook=\toks15

(/usr/local/texlive/2018/texmf-dist/tex/latex/base/applemac.def
File: applemac.def 2018/04/06 v1.3b Input encoding file
))
(/usr/local/texlive/2018/texmf-dist/tex/latex/base/fontenc.sty
Package: fontenc 2017/04/05 v2.0i Standard LaTeX package

(/usr/local/texlive/2018/texmf-dist/tex/latex/base/t1enc.def
File: t1enc.def 2017/04/05 v2.0i Standard LaTeX file
LaTeX Font Info:    Redeclaring font encoding T1 on input line 48.
))
(/usr/local/texlive/2018/texmf-dist/tex/latex/lm/lmodern.sty
Package: lmodern 2009/10/30 v1.6 Latin Modern Fonts
LaTeX Font Info:    Overwriting symbol font `operators' in version `normal'
(Font)                  OT1/cmr/m/n --> OT1/lmr/m/n on input line 22.
LaTeX Font Info:    Overwriting symbol font `letters' in version `normal'
(Font)                  OML/cmm/m/it --> OML/lmm/m/it on input line 23.
LaTeX Font Info:    Overwriting symbol font `symbols' in version `normal'
(Font)                  OMS/cmsy/m/n --> OMS/lmsy/m/n on input line 24.
LaTeX Font Info:    Overwriting symbol font `largesymbols' in version `normal'
(Font)                  OMX/cmex/m/n --> OMX/lmex/m/n on input line 25.
LaTeX Font Info:    Overwriting symbol font `operators' in version `bold'
(Font)                  OT1/cmr/bx/n --> OT1/lmr/bx/n on input line 26.
LaTeX Font Info:    Overwriting symbol font `letters' in version `bold'
(Font)                  OML/cmm/b/it --> OML/lmm/b/it on input line 27.
LaTeX Font Info:    Overwriting symbol font `symbols' in version `bold'
(Font)                  OMS/cmsy/b/n --> OMS/lmsy/b/n on input line 28.
LaTeX Font Info:    Overwriting symbol font `largesymbols' in version `bold'
(Font)                  OMX/cmex/m/n --> OMX/lmex/m/n on input line 29.
LaTeX Font Info:    Overwriting math alphabet `\mathbf' in version `normal'
(Font)                  OT1/cmr/bx/n --> OT1/lmr/bx/n on input line 31.
LaTeX Font Info:    Overwriting math alphabet `\mathsf' in version `normal'
(Font)                  OT1/cmss/m/n --> OT1/lmss/m/n on input line 32.
LaTeX Font Info:    Overwriting math alphabet `\mathit' in version `normal'
(Font)                  OT1/cmr/m/it --> OT1/lmr/m/it on input line 33.
LaTeX Font Info:    Overwriting math alphabet `\mathtt' in version `normal'
(Font)                  OT1/cmtt/m/n --> OT1/lmtt/m/n on input line 34.
LaTeX Font Info:    Overwriting math alphabet `\mathbf' in version `bold'
(Font)                  OT1/cmr/bx/n --> OT1/lmr/bx/n on input line 35.
LaTeX Font Info:    Overwriting math alphabet `\mathsf' in version `bold'
(Font)                  OT1/cmss/bx/n --> OT1/lmss/bx/n on input line 36.
LaTeX Font Info:    Overwriting math alphabet `\mathit' in version `bold'
(Font)                  OT1/cmr/bx/it --> OT1/lmr/bx/it on input line 37.
LaTeX Font Info:    Overwriting math alphabet `\mathtt' in version `bold'
(Font)                  OT1/cmtt/m/n --> OT1/lmtt/m/n on input line 38.
)
(/usr/local/texlive/2018/texmf-dist/tex/latex/base/textcomp.sty
Package: textcomp 2017/04/05 v2.0i Standard LaTeX package
Package textcomp Info: Sub-encoding information:
(textcomp)               5 = only ISO-Adobe without \textcurrency
(textcomp)               4 = 5 + \texteuro
(textcomp)               3 = 4 + \textohm
(textcomp)               2 = 3 + \textestimated + \textcurrency
(textcomp)               1 = TS1 - \textcircled - \t
(textcomp)               0 = TS1 (full)
(textcomp)             Font families with sub-encoding setting implement
(textcomp)             only a restricted character set as indicated.
(textcomp)             Family '?' is the default used for unknown fonts.
(textcomp)             See the documentation for details.
Package textcomp Info: Setting ? sub-encoding to TS1/1 on input line 79.

(/usr/local/texlive/2018/texmf-dist/tex/latex/base/ts1enc.def
File: ts1enc.def 2001/06/05 v3.0e (jk/car/fm) Standard LaTeX file
Now handling font encoding TS1 ...
... processing UTF-8 mapping file for font encoding TS1

(/usr/local/texlive/2018/texmf-dist/tex/latex/base/ts1enc.dfu
File: ts1enc.dfu 2018/04/05 v1.2c UTF-8 support for inputenc
   defining Unicode char U+00A2 (decimal 162)
   defining Unicode char U+00A3 (decimal 163)
   defining Unicode char U+00A4 (decimal 164)
   defining Unicode char U+00A5 (decimal 165)
   defining Unicode char U+00A6 (decimal 166)
   defining Unicode char U+00A7 (decimal 167)
   defining Unicode char U+00A8 (decimal 168)
   defining Unicode char U+00A9 (decimal 169)
   defining Unicode char U+00AA (decimal 170)
   defining Unicode char U+00AC (decimal 172)
   defining Unicode char U+00AE (decimal 174)
   defining Unicode char U+00AF (decimal 175)
   defining Unicode char U+00B0 (decimal 176)
   defining Unicode char U+00B1 (decimal 177)
   defining Unicode char U+00B2 (decimal 178)
   defining Unicode char U+00B3 (decimal 179)
   defining Unicode char U+00B4 (decimal 180)
   defining Unicode char U+00B5 (decimal 181)
   defining Unicode char U+00B6 (decimal 182)
   defining Unicode char U+00B7 (decimal 183)
   defining Unicode char U+00B9 (decimal 185)
   defining Unicode char U+00BA (decimal 186)
   defining Unicode char U+00BC (decimal 188)
   defining Unicode char U+00BD (decimal 189)
   defining Unicode char U+00BE (decimal 190)
   defining Unicode char U+00D7 (decimal 215)
   defining Unicode char U+00F7 (decimal 247)
   defining Unicode char U+0192 (decimal 402)
   defining Unicode char U+02C7 (decimal 711)
   defining Unicode char U+02D8 (decimal 728)
   defining Unicode char U+02DD (decimal 733)
   defining Unicode char U+0E3F (decimal 3647)
   defining Unicode char U+2016 (decimal 8214)
   defining Unicode char U+2020 (decimal 8224)
   defining Unicode char U+2021 (decimal 8225)
   defining Unicode char U+2022 (decimal 8226)
   defining Unicode char U+2030 (decimal 8240)
   defining Unicode char U+2031 (decimal 8241)
   defining Unicode char U+203B (decimal 8251)
   defining Unicode char U+203D (decimal 8253)
   defining Unicode char U+2044 (decimal 8260)
   defining Unicode char U+204E (decimal 8270)
   defining Unicode char U+2052 (decimal 8274)
   defining Unicode char U+20A1 (decimal 8353)
   defining Unicode char U+20A4 (decimal 8356)
   defining Unicode char U+20A6 (decimal 8358)
   defining Unicode char U+20A9 (decimal 8361)
   defining Unicode char U+20AB (decimal 8363)
   defining Unicode char U+20AC (decimal 8364)
   defining Unicode char U+20B1 (decimal 8369)
   defining Unicode char U+2103 (decimal 8451)
   defining Unicode char U+2116 (decimal 8470)
   defining Unicode char U+2117 (decimal 8471)
   defining Unicode char U+211E (decimal 8478)
   defining Unicode char U+2120 (decimal 8480)
   defining Unicode char U+2122 (decimal 8482)
   defining Unicode char U+2126 (decimal 8486)
   defining Unicode char U+2127 (decimal 8487)
   defining Unicode char U+212E (decimal 8494)
   defining Unicode char U+2190 (decimal 8592)
   defining Unicode char U+2191 (decimal 8593)
   defining Unicode char U+2192 (decimal 8594)
   defining Unicode char U+2193 (decimal 8595)
   defining Unicode char U+2329 (decimal 9001)
   defining Unicode char U+232A (decimal 9002)
   defining Unicode char U+2422 (decimal 9250)
   defining Unicode char U+25E6 (decimal 9702)
   defining Unicode char U+25EF (decimal 9711)
   defining Unicode char U+266A (decimal 9834)
   defining Unicode char U+FEFF (decimal 65279)
))
LaTeX Info: Redefining \oldstylenums on input line 334.
Package textcomp Info: Setting cmr sub-encoding to TS1/0 on input line 349.
Package textcomp Info: Setting cmss sub-encoding to TS1/0 on input line 350.
Package textcomp Info: Setting cmtt sub-encoding to TS1/0 on input line 351.
Package textcomp Info: Setting cmvtt sub-encoding to TS1/0 on input line 352.
Package textcomp Info: Setting cmbr sub-encoding to TS1/0 on input line 353.
Package textcomp Info: Setting cmtl sub-encoding to TS1/0 on input line 354.
Package textcomp Info: Setting ccr sub-encoding to TS1/0 on input line 355.
Package textcomp Info: Setting ptm sub-encoding to TS1/4 on input line 356.
Package textcomp Info: Setting pcr sub-encoding to TS1/4 on input line 357.
Package textcomp Info: Setting phv sub-encoding to TS1/4 on input line 358.
Package textcomp Info: Setting ppl sub-encoding to TS1/3 on input line 359.
Package textcomp Info: Setting pag sub-encoding to TS1/4 on input line 360.
Package textcomp Info: Setting pbk sub-encoding to TS1/4 on input line 361.
Package textcomp Info: Setting pnc sub-encoding to TS1/4 on input line 362.
Package textcomp Info: Setting pzc sub-encoding to TS1/4 on input line 363.
Package textcomp Info: Setting bch sub-encoding to TS1/4 on input line 364.
Package textcomp Info: Setting put sub-encoding to TS1/5 on input line 365.
Package textcomp Info: Setting uag sub-encoding to TS1/5 on input line 366.
Package textcomp Info: Setting ugq sub-encoding to TS1/5 on input line 367.
Package textcomp Info: Setting ul8 sub-encoding to TS1/4 on input line 368.
Package textcomp Info: Setting ul9 sub-encoding to TS1/4 on input line 369.
Package textcomp Info: Setting augie sub-encoding to TS1/5 on input line 370.
Package textcomp Info: Setting dayrom sub-encoding to TS1/3 on input line 371.
Package textcomp Info: Setting dayroms sub-encoding to TS1/3 on input line 372.

Package textcomp Info: Setting pxr sub-encoding to TS1/0 on input line 373.
Package textcomp Info: Setting pxss sub-encoding to TS1/0 on input line 374.
Package textcomp Info: Setting pxtt sub-encoding to TS1/0 on input line 375.
Package textcomp Info: Setting txr sub-encoding to TS1/0 on input line 376.
Package textcomp Info: Setting txss sub-encoding to TS1/0 on input line 377.
Package textcomp Info: Setting txtt sub-encoding to TS1/0 on input line 378.
Package textcomp Info: Setting lmr sub-encoding to TS1/0 on input line 379.
Package textcomp Info: Setting lmdh sub-encoding to TS1/0 on input line 380.
Package textcomp Info: Setting lmss sub-encoding to TS1/0 on input line 381.
Package textcomp Info: Setting lmssq sub-encoding to TS1/0 on input line 382.
Package textcomp Info: Setting lmvtt sub-encoding to TS1/0 on input line 383.
Package textcomp Info: Setting lmtt sub-encoding to TS1/0 on input line 384.
Package textcomp Info: Setting qhv sub-encoding to TS1/0 on input line 385.
Package textcomp Info: Setting qag sub-encoding to TS1/0 on input line 386.
Package textcomp Info: Setting qbk sub-encoding to TS1/0 on input line 387.
Package textcomp Info: Setting qcr sub-encoding to TS1/0 on input line 388.
Package textcomp Info: Setting qcs sub-encoding to TS1/0 on input line 389.
Package textcomp Info: Setting qpl sub-encoding to TS1/0 on input line 390.
Package textcomp Info: Setting qtm sub-encoding to TS1/0 on input line 391.
Package textcomp Info: Setting qzc sub-encoding to TS1/0 on input line 392.
Package textcomp Info: Setting qhvc sub-encoding to TS1/0 on input line 393.
Package textcomp Info: Setting futs sub-encoding to TS1/4 on input line 394.
Package textcomp Info: Setting futx sub-encoding to TS1/4 on input line 395.
Package textcomp Info: Setting futj sub-encoding to TS1/4 on input line 396.
Package textcomp Info: Setting hlh sub-encoding to TS1/3 on input line 397.
Package textcomp Info: Setting hls sub-encoding to TS1/3 on input line 398.
Package textcomp Info: Setting hlst sub-encoding to TS1/3 on input line 399.
Package textcomp Info: Setting hlct sub-encoding to TS1/5 on input line 400.
Package textcomp Info: Setting hlx sub-encoding to TS1/5 on input line 401.
Package textcomp Info: Setting hlce sub-encoding to TS1/5 on input line 402.
Package textcomp Info: Setting hlcn sub-encoding to TS1/5 on input line 403.
Package textcomp Info: Setting hlcw sub-encoding to TS1/5 on input line 404.
Package textcomp Info: Setting hlcf sub-encoding to TS1/5 on input line 405.
Package textcomp Info: Setting pplx sub-encoding to TS1/3 on input line 406.
Package textcomp Info: Setting pplj sub-encoding to TS1/3 on input line 407.
Package textcomp Info: Setting ptmx sub-encoding to TS1/4 on input line 408.
Package textcomp Info: Setting ptmj sub-encoding to TS1/4 on input line 409.
)
(/usr/local/texlive/2018/texmf-dist/tex/latex/graphics/graphicx.sty
Package: graphicx 2017/06/01 v1.1a Enhanced LaTeX Graphics (DPC,SPQR)

(/usr/local/texlive/2018/texmf-dist/tex/latex/graphics/keyval.sty
Package: keyval 2014/10/28 v1.15 key=value parser (DPC)
\KV@toks@=\toks16
)
(/usr/local/texlive/2018/texmf-dist/tex/latex/graphics/graphics.sty
Package: graphics 2017/06/25 v1.2c Standard LaTeX Graphics (DPC,SPQR)

(/usr/local/texlive/2018/texmf-dist/tex/latex/graphics/trig.sty
Package: trig 2016/01/03 v1.10 sin cos tan (DPC)
)
(/usr/local/texlive/2018/texmf-dist/tex/latex/graphics-cfg/graphics.cfg
File: graphics.cfg 2016/06/04 v1.11 sample graphics configuration
)
Package graphics Info: Driver file: pdftex.def on input line 99.

(/usr/local/texlive/2018/texmf-dist/tex/latex/graphics-def/pdftex.def
File: pdftex.def 2018/01/08 v1.0l Graphics/color driver for pdftex
))
\Gin@req@height=\dimen103
\Gin@req@width=\dimen104
)
(/usr/local/texlive/2018/texmf-dist/tex/generic/babel/babel.sty
Package: babel 2018/02/14 3.18 The Babel package

(/usr/local/texlive/2018/texmf-dist/tex/generic/babel/switch.def
File: switch.def 2018/02/14 3.18 Babel switching mechanism
)
(/usr/local/texlive/2018/texmf-dist/tex/generic/babel-french/french.ldf
Language: french 2018/03/25 v3.4c French support from the babel system

(/usr/local/texlive/2018/texmf-dist/tex/generic/babel/babel.def
File: babel.def 2018/02/14 3.18 Babel common definitions
\babel@savecnt=\count89
\U@D=\dimen105

(/usr/local/texlive/2018/texmf-dist/tex/generic/babel/txtbabel.def)
\bbl@dirlevel=\count90
)
\l@acadian = a dialect from \language\l@french 
\FB@nonchar=\count91
Package babel Info: Making : an active character on input line 415.
Package babel Info: Making ; an active character on input line 416.
Package babel Info: Making ! an active character on input line 417.
Package babel Info: Making ? an active character on input line 418.
\FBguill@level=\count92
\FB@everypar=\toks17
\FB@Mht=\dimen106
\mc@charclass=\count93
\mc@charfam=\count94
\mc@charslot=\count95
\std@mcc=\count96
\dec@mcc=\count97
\c@FBcaption@count=\count98
\listindentFB=\skip43
\descindentFB=\skip44
\labelwidthFB=\skip45
\leftmarginFB=\skip46
\parindentFFN=\dimen107
\FBfnindent=\skip47
))
(/usr/local/texlive/2018/texmf-dist/tex/latex/carlisle/scalefnt.sty)
(/usr/local/texlive/2018/texmf-dist/tex/latex/cmap/cmap.sty
Package: cmap 2008/03/06 v1.0h CMap support: searchable PDF


Package cmap Warning: fontenc already loaded - some fonts may be unprocessed.

) (/usr/local/texlive/2018/texmf-dist/tex/latex/enumitem/enumitem.sty
Package: enumitem 2011/09/28 v3.5.2 Customized lists
\labelindent=\skip48
\enit@outerparindent=\dimen108
\enit@toks=\toks18
\enit@inbox=\box26
\enitdp@description=\count99
)
(/usr/local/texlive/2018/texmf-dist/tex/latex/float/float.sty
Package: float 2001/11/08 v1.3d Float enhancements (AL)
\c@float@type=\count100
\float@exts=\toks19
\float@box=\box27
\@float@everytoks=\toks20
\@floatcapt=\box28
)
(/usr/local/texlive/2018/texmf-dist/tex/latex/tocbibind/tocbibind.sty
Package: tocbibind 2010/10/13 v1.5k extra ToC listings
Package tocbibind Info: The document has chapter divisions on input line 50.


Package tocbibind Note: Using chapter style headings, unless overridden.

) (/usr/local/texlive/2018/texmf-dist/tex/latex/hyperref/hyperref.sty
Package: hyperref 2018/02/06 v6.86b Hypertext links for LaTeX

(/usr/local/texlive/2018/texmf-dist/tex/generic/oberdiek/hobsub-hyperref.sty
Package: hobsub-hyperref 2016/05/16 v1.14 Bundle oberdiek, subset hyperref (HO)


(/usr/local/texlive/2018/texmf-dist/tex/generic/oberdiek/hobsub-generic.sty
Package: hobsub-generic 2016/05/16 v1.14 Bundle oberdiek, subset generic (HO)
Package: hobsub 2016/05/16 v1.14 Construct package bundles (HO)
Package: infwarerr 2016/05/16 v1.4 Providing info/warning/error messages (HO)
Package: ltxcmds 2016/05/16 v1.23 LaTeX kernel commands for general use (HO)
Package: ifluatex 2016/05/16 v1.4 Provides the ifluatex switch (HO)
Package ifluatex Info: LuaTeX not detected.
Package: ifvtex 2016/05/16 v1.6 Detect VTeX and its facilities (HO)
Package ifvtex Info: VTeX not detected.
Package: intcalc 2016/05/16 v1.2 Expandable calculations with integers (HO)
Package: ifpdf 2017/03/15 v3.2 Provides the ifpdf switch
Package: etexcmds 2016/05/16 v1.6 Avoid name clashes with e-TeX commands (HO)
Package etexcmds Info: Could not find \expanded.
(etexcmds)             That can mean that you are not using pdfTeX 1.50 or
(etexcmds)             that some package has redefined \expanded.
(etexcmds)             In the latter case, load this package earlier.
Package: kvsetkeys 2016/05/16 v1.17 Key value parser (HO)
Package: kvdefinekeys 2016/05/16 v1.4 Define keys (HO)
Package: pdftexcmds 2018/01/30 v0.27 Utility functions of pdfTeX for LuaTeX (HO
)
Package pdftexcmds Info: LuaTeX not detected.
Package pdftexcmds Info: \pdf@primitive is available.
Package pdftexcmds Info: \pdf@ifprimitive is available.
Package pdftexcmds Info: \pdfdraftmode found.
Package: pdfescape 2016/05/16 v1.14 Implements pdfTeX's escape features (HO)
Package: bigintcalc 2016/05/16 v1.4 Expandable calculations on big integers (HO
)
Package: bitset 2016/05/16 v1.2 Handle bit-vector datatype (HO)
Package: uniquecounter 2016/05/16 v1.3 Provide unlimited unique counter (HO)
)
Package hobsub Info: Skipping package `hobsub' (already loaded).
Package: letltxmacro 2016/05/16 v1.5 Let assignment for LaTeX macros (HO)
Package: hopatch 2016/05/16 v1.3 Wrapper for package hooks (HO)
Package: xcolor-patch 2016/05/16 xcolor patch
Package: atveryend 2016/05/16 v1.9 Hooks at the very end of document (HO)
Package atveryend Info: \enddocument detected (standard20110627).
Package: atbegshi 2016/06/09 v1.18 At begin shipout hook (HO)
Package: refcount 2016/05/16 v3.5 Data extraction from label references (HO)
Package: hycolor 2016/05/16 v1.8 Color options for hyperref/bookmark (HO)
)
(/usr/local/texlive/2018/texmf-dist/tex/generic/ifxetex/ifxetex.sty
Package: ifxetex 2010/09/12 v0.6 Provides ifxetex conditional
)
(/usr/local/texlive/2018/texmf-dist/tex/latex/oberdiek/auxhook.sty
Package: auxhook 2016/05/16 v1.4 Hooks for auxiliary files (HO)
)
(/usr/local/texlive/2018/texmf-dist/tex/latex/oberdiek/kvoptions.sty
Package: kvoptions 2016/05/16 v3.12 Key value format for package options (HO)
)
\@linkdim=\dimen109
\Hy@linkcounter=\count101
\Hy@pagecounter=\count102

(/usr/local/texlive/2018/texmf-dist/tex/latex/hyperref/pd1enc.def
File: pd1enc.def 2018/02/06 v6.86b Hyperref: PDFDocEncoding definition (HO)
Now handling font encoding PD1 ...
... no UTF-8 mapping file for font encoding PD1
)
\Hy@SavedSpaceFactor=\count103

(/usr/local/texlive/2018/texmf-dist/tex/latex/latexconfig/hyperref.cfg
File: hyperref.cfg 2002/06/06 v1.2 hyperref configuration of TeXLive
)
Package hyperref Info: Hyper figures OFF on input line 4509.
Package hyperref Info: Link nesting OFF on input line 4514.
Package hyperref Info: Hyper index ON on input line 4517.
Package hyperref Info: Plain pages OFF on input line 4524.
Package hyperref Info: Backreferencing OFF on input line 4529.
Package hyperref Info: Implicit mode ON; LaTeX internals redefined.
Package hyperref Info: Bookmarks ON on input line 4762.
\c@Hy@tempcnt=\count104

(/usr/local/texlive/2018/texmf-dist/tex/latex/url/url.sty
\Urlmuskip=\muskip10
Package: url 2013/09/16  ver 3.4  Verb mode for urls, etc.
)
LaTeX Info: Redefining \url on input line 5115.
\XeTeXLinkMargin=\dimen110
\Fld@menulength=\count105
\Field@Width=\dimen111
\Fld@charsize=\dimen112
Package hyperref Info: Hyper figures OFF on input line 6369.
Package hyperref Info: Link nesting OFF on input line 6374.
Package hyperref Info: Hyper index ON on input line 6377.
Package hyperref Info: backreferencing OFF on input line 6384.
Package hyperref Info: Link coloring OFF on input line 6389.
Package hyperref Info: Link coloring with OCG OFF on input line 6394.
Package hyperref Info: PDF/A mode OFF on input line 6399.
LaTeX Info: Redefining \ref on input line 6439.
LaTeX Info: Redefining \pageref on input line 6443.
\Hy@abspage=\count106
\c@Item=\count107
\c@Hfootnote=\count108
)
Package hyperref Info: Driver (autodetected): hpdftex.

(/usr/local/texlive/2018/texmf-dist/tex/latex/hyperref/hpdftex.def
File: hpdftex.def 2018/02/06 v6.86b Hyperref driver for pdfTeX
\Fld@listcount=\count109
\c@bookmark@seq@number=\count110

(/usr/local/texlive/2018/texmf-dist/tex/latex/oberdiek/rerunfilecheck.sty
Package: rerunfilecheck 2016/05/16 v1.8 Rerun checks for auxiliary files (HO)
Package uniquecounter Info: New unique counter `rerunfilecheck' on input line 2
82.
)
\Hy@SectionHShift=\skip49
)
(/usr/local/texlive/2018/texmf-dist/tex/latex/minted/minted.sty
Package: minted 2017/07/19 v2.5 Yet another Pygments shim for LaTeX

(/usr/local/texlive/2018/texmf-dist/tex/latex/fvextra/fvextra.sty
Package: fvextra 2017/07/08 v1.3.1 fvextra - extensions and patches for fancyvr
b

(/usr/local/texlive/2018/texmf-dist/tex/latex/base/ifthen.sty
Package: ifthen 2014/09/29 v1.1c Standard LaTeX ifthen package (DPC)
)
(/usr/local/texlive/2018/texmf-dist/tex/latex/etoolbox/etoolbox.sty
Package: etoolbox 2018/02/11 v2.5e e-TeX tools for LaTeX (JAW)
\etb@tempcnta=\count111
)
(/usr/local/texlive/2018/texmf-dist/tex/latex/fancyvrb/fancyvrb.sty
Package: fancyvrb 2008/02/07

Style option: `fancyvrb' v2.7a, with DG/SPQR fixes, and firstline=lastline fix 
<2008/02/07> (tvz)
\FV@CodeLineNo=\count112
\FV@InFile=\read1
\FV@TabBox=\box29
\c@FancyVerbLine=\count113
\FV@StepNumber=\count114
\FV@OutFile=\write3
)
(/usr/local/texlive/2018/texmf-dist/tex/latex/upquote/upquote.sty
Package: upquote 2012/04/19 v1.3 upright-quote and grave-accent glyphs in verba
tim
)
(/usr/local/texlive/2018/texmf-dist/tex/latex/lineno/lineno.sty
Package: lineno 2005/11/02 line numbers on paragraphs v4.41
\linenopenalty=\count115
\output=\toks21
\linenoprevgraf=\count116
\linenumbersep=\dimen113
\linenumberwidth=\dimen114
\c@linenumber=\count117
\c@pagewiselinenumber=\count118
\c@LN@truepage=\count119
\c@internallinenumber=\count120
\c@internallinenumbers=\count121
\quotelinenumbersep=\dimen115
\bframerule=\dimen116
\bframesep=\dimen117
\bframebox=\box30
LaTeX Info: Redefining \\ on input line 3056.
)
\c@FV@TrueTabGroupLevel=\count122
\c@FV@TrueTabCounter=\count123
\FV@TabBox@Group=\box31
\FV@TmpLength=\skip50
\c@FV@HighlightLinesStart=\count124
\c@FV@HighlightLinesStop=\count125
\FV@LoopCount=\count126
\FV@NCharsBox=\box32
\FV@BreakIndent=\dimen118
\FV@BreakIndentNChars=\count127
\FV@BreakSymbolSepLeft=\dimen119
\FV@BreakSymbolSepLeftNChars=\count128
\FV@BreakSymbolSepRight=\dimen120
\FV@BreakSymbolSepRightNChars=\count129
\FV@BreakSymbolIndentLeft=\dimen121
\FV@BreakSymbolIndentLeftNChars=\count130
\FV@BreakSymbolIndentRight=\dimen122
\FV@BreakSymbolIndentRightNChars=\count131
\c@FancyVerbLineBreakLast=\count132
\FV@LineBox=\box33
\FV@LineIndentBox=\box34
)
(/usr/local/texlive/2018/texmf-dist/tex/latex/tools/calc.sty
Package: calc 2017/05/25 v4.3 Infix arithmetic (KKT,FJ)
\calc@Acount=\count133
\calc@Bcount=\count134
\calc@Adimen=\dimen123
\calc@Bdimen=\dimen124
\calc@Askip=\skip51
\calc@Bskip=\skip52
LaTeX Info: Redefining \setlength on input line 80.
LaTeX Info: Redefining \addtolength on input line 81.
\calc@Ccount=\count135
\calc@Cskip=\skip53
)
(/usr/local/texlive/2018/texmf-dist/tex/latex/tools/shellesc.sty
Package: shellesc 2016/06/07 v0.02a unified shell escape interface for LaTeX
Package shellesc Info: Unrestricted shell escape enabled on input line 67.
)
(/usr/local/texlive/2018/texmf-dist/tex/latex/ifplatform/ifplatform.sty
Package: ifplatform 2017/10/13 v0.4a Testing for the operating system

(/usr/local/texlive/2018/texmf-dist/tex/generic/oberdiek/catchfile.sty
Package: catchfile 2016/05/16 v1.7 Catch the contents of a file (HO)
)
runsystem(uname -s > "rapport_sting_greenspector.w18")...executed.


(./rapport_sting_greenspector.w18)
runsystem(rm -- "rapport_sting_greenspector.w18")...executed.

)
(/usr/local/texlive/2018/texmf-dist/tex/generic/xstring/xstring.sty
(/usr/local/texlive/2018/texmf-dist/tex/generic/xstring/xstring.tex
\@xs@message=\write4
\integerpart=\count136
\decimalpart=\count137
)
Package: xstring 2013/10/13  v1.7c  String manipulations (C Tellechea)
)
(/usr/local/texlive/2018/texmf-dist/tex/latex/framed/framed.sty
Package: framed 2011/10/22 v 0.96: framed or shaded text with page breaks
\OuterFrameSep=\skip54
\fb@frw=\dimen125
\fb@frh=\dimen126
\FrameRule=\dimen127
\FrameSep=\dimen128
)
\minted@appexistsfile=\read2
\minted@bgbox=\box35
\minted@code=\write5
\c@minted@FancyVerbLineTemp=\count138
\c@minted@pygmentizecounter=\count139
\@float@every@listing=\toks22
\c@listing=\count140
)
runsystem(mkdir -p _minted-rapport_sting_greenspector)...executed.


(/usr/local/texlive/2018/texmf-dist/tex/latex/listings/listings.sty
\lst@mode=\count141
\lst@gtempboxa=\box36
\lst@token=\toks23
\lst@length=\count142
\lst@currlwidth=\dimen129
\lst@column=\count143
\lst@pos=\count144
\lst@lostspace=\dimen130
\lst@width=\dimen131
\lst@newlines=\count145
\lst@lineno=\count146
\lst@maxwidth=\dimen132

(/usr/local/texlive/2018/texmf-dist/tex/latex/listings/lstmisc.sty
File: lstmisc.sty 2015/06/04 1.6 (Carsten Heinz)
\c@lstnumber=\count147
\lst@skipnumbers=\count148
\lst@framebox=\box37
)
(/usr/local/texlive/2018/texmf-dist/tex/latex/listings/listings.cfg
File: listings.cfg 2015/06/04 1.6 listings configuration
))
Package: listings 2015/06/04 1.6 (Carsten Heinz)

(/usr/local/texlive/2018/texmf-dist/tex/latex/xcolor/xcolor.sty
Package: xcolor 2016/05/11 v2.12 LaTeX color extensions (UK)

(/usr/local/texlive/2018/texmf-dist/tex/latex/graphics-cfg/color.cfg
File: color.cfg 2016/01/02 v1.6 sample color configuration
)
Package xcolor Info: Driver file: pdftex.def on input line 225.
Package xcolor Info: Model `cmy' substituted by `cmy0' on input line 1348.
Package xcolor Info: Model `hsb' substituted by `rgb' on input line 1352.
Package xcolor Info: Model `RGB' extended on input line 1364.
Package xcolor Info: Model `HTML' substituted by `rgb' on input line 1366.
Package xcolor Info: Model `Hsb' substituted by `hsb' on input line 1367.
Package xcolor Info: Model `tHsb' substituted by `hsb' on input line 1368.
Package xcolor Info: Model `HSB' substituted by `hsb' on input line 1369.
Package xcolor Info: Model `Gray' substituted by `gray' on input line 1370.
Package xcolor Info: Model `wave' substituted by `hsb' on input line 1371.

(/usr/local/texlive/2018/texmf-dist/tex/latex/xcolor/svgnam.def
File: svgnam.def 2016/05/11 v2.12 Predefined colors according to SVG 1.1 (UK)
))
(/usr/local/texlive/2018/texmf-dist/tex/latex/caption/caption.sty
Package: caption 2016/02/21 v3.3-144 Customizing captions (AR)

(/usr/local/texlive/2018/texmf-dist/tex/latex/caption/caption3.sty
Package: caption3 2016/05/22 v1.7-166 caption3 kernel (AR)
Package caption3 Info: TeX engine: e-TeX on input line 67.
\captionmargin=\dimen133
\captionmargin@=\dimen134
\captionwidth=\dimen135
\caption@tempdima=\dimen136
\caption@indent=\dimen137
\caption@parindent=\dimen138
\caption@hangindent=\dimen139
)
\c@ContinuedFloat=\count149
Package caption Info: float package is loaded.
Package caption Info: hyperref package is loaded.
Package caption Info: listings package is loaded.
)
(/usr/local/texlive/2018/texmf-dist/tex/latex/titling/titling.sty
Package: titling 2009/09/04 v2.1d maketitle typesetting
\thanksmarkwidth=\skip55
\thanksmargin=\skip56
\droptitle=\skip57
)
(/usr/local/texlive/2018/texmf-dist/tex/latex/eurosym/eurosym.sty
Package: eurosym 1998/08/06 v1.1 European currency symbol ``Euro''
\@eurobox=\box38
)
(/usr/local/texlive/2018/texmf-dist/tex/latex/geometry/geometry.sty
Package: geometry 2018/03/24 v5.7 Page Geometry
\Gm@cnth=\count150
\Gm@cntv=\count151
\c@Gm@tempcnt=\count152
\Gm@bindingoffset=\dimen140
\Gm@wd@mp=\dimen141
\Gm@odd@mp=\dimen142
\Gm@even@mp=\dimen143
\Gm@layoutwidth=\dimen144
\Gm@layoutheight=\dimen145
\Gm@layouthoffset=\dimen146
\Gm@layoutvoffset=\dimen147
\Gm@dimlist=\toks24
)
(/usr/local/texlive/2018/texmf-dist/tex/latex/titlesec/titlesec.sty
Package: titlesec 2016/03/21 v2.10.2 Sectioning titles
\ttl@box=\box39
\beforetitleunit=\skip58
\aftertitleunit=\skip59
\ttl@plus=\dimen148
\ttl@minus=\dimen149
\ttl@toksa=\toks25
\titlewidth=\dimen150
\titlewidthlast=\dimen151
\titlewidthfirst=\dimen152
)
runsystem(which pygmentize && touch rapport_sting_greenspector.aex)...executed.

runsystem(rm rapport_sting_greenspector.aex)...executed.


(./rapport_sting_greenspector.aux)
\openout1 = `rapport_sting_greenspector.aux'.

LaTeX Font Info:    Checking defaults for OML/cmm/m/it on input line 39.
LaTeX Font Info:    ... okay on input line 39.
LaTeX Font Info:    Checking defaults for T1/cmr/m/n on input line 39.
LaTeX Font Info:    ... okay on input line 39.
LaTeX Font Info:    Checking defaults for OT1/cmr/m/n on input line 39.
LaTeX Font Info:    ... okay on input line 39.
LaTeX Font Info:    Checking defaults for OMS/cmsy/m/n on input line 39.
LaTeX Font Info:    ... okay on input line 39.
LaTeX Font Info:    Checking defaults for OMX/cmex/m/n on input line 39.
LaTeX Font Info:    ... okay on input line 39.
LaTeX Font Info:    Checking defaults for U/cmr/m/n on input line 39.
LaTeX Font Info:    ... okay on input line 39.
LaTeX Font Info:    Checking defaults for TS1/cmr/m/n on input line 39.
LaTeX Font Info:    Try loading font information for TS1+cmr on input line 39.

(/usr/local/texlive/2018/texmf-dist/tex/latex/base/ts1cmr.fd
File: ts1cmr.fd 2014/09/29 v2.5h Standard LaTeX font definitions
)
LaTeX Font Info:    ... okay on input line 39.
LaTeX Font Info:    Checking defaults for PD1/pdf/m/n on input line 39.
LaTeX Font Info:    ... okay on input line 39.
LaTeX Font Info:    Try loading font information for T1+lmr on input line 39.

(/usr/local/texlive/2018/texmf-dist/tex/latex/lm/t1lmr.fd
File: t1lmr.fd 2009/10/30 v1.6 Font defs for Latin Modern
)<<t1.cmap>>
(/usr/local/texlive/2018/texmf-dist/tex/context/base/mkii/supp-pdf.mkii
[Loading MPS to PDF converter (version 2006.09.02).]
\scratchcounter=\count153
\scratchdimen=\dimen153
\scratchbox=\box40
\nofMPsegments=\count154
\nofMParguments=\count155
\everyMPshowfont=\toks26
\MPscratchCnt=\count156
\MPscratchDim=\dimen154
\MPnumerator=\count157
\makeMPintoPDFobject=\count158
\everyMPtoPDFconversion=\toks27
) (/usr/local/texlive/2018/texmf-dist/tex/latex/oberdiek/epstopdf-base.sty
Package: epstopdf-base 2016/05/15 v2.6 Base part for package epstopdf

(/usr/local/texlive/2018/texmf-dist/tex/latex/oberdiek/grfext.sty
Package: grfext 2016/05/16 v1.2 Manage graphics extensions (HO)
)
Package epstopdf-base Info: Redefining graphics rule for `.eps' on input line 4
38.
Package grfext Info: Graphics extension search list:
(grfext)             [.pdf,.png,.jpg,.mps,.jpeg,.jbig2,.jb2,.PDF,.PNG,.JPG,.JPE
G,.JBIG2,.JB2,.eps]
(grfext)             \AppendGraphicsExtensions on input line 456.

(/usr/local/texlive/2018/texmf-dist/tex/latex/latexconfig/epstopdf-sys.cfg
File: epstopdf-sys.cfg 2010/07/13 v1.3 Configuration of (r)epstopdf for TeX Liv
e
))
LaTeX Info: Redefining \degres on input line 39.
LaTeX Info: Redefining \dots on input line 39.
Package french.ldf Info: Setting StandardItemizeEnv=true for
(french.ldf)             compatibility with enumitem package,
(french.ldf)             reported on input line 39.
Package french.ldf Info: Setting StandardEnumerateEnv=true for
(french.ldf)             compatibility with enumitem package,
(french.ldf)             reported on input line 39.
LaTeX Info: Redefining \up on input line 39.
\AtBeginShipoutBox=\box41
Package hyperref Info: Link coloring OFF on input line 39.

(/usr/local/texlive/2018/texmf-dist/tex/latex/hyperref/nameref.sty
Package: nameref 2016/05/21 v2.44 Cross-referencing by name of section

(/usr/local/texlive/2018/texmf-dist/tex/generic/oberdiek/gettitlestring.sty
Package: gettitlestring 2016/05/16 v1.5 Cleanup title references (HO)
)
\c@section@level=\count159
)
LaTeX Info: Redefining \ref on input line 39.
LaTeX Info: Redefining \pageref on input line 39.
LaTeX Info: Redefining \nameref on input line 39.

(./rapport_sting_greenspector.out) (./rapport_sting_greenspector.out)
\@outlinefile=\write6
\openout6 = `rapport_sting_greenspector.out'.

\c@lstlisting=\count160
Package caption Info: Begin \AtBeginDocument code.
Package caption Info: End \AtBeginDocument code.

*geometry* driver: auto-detecting
*geometry* detected driver: pdftex
*geometry* verbose mode - [ preamble ] result:
* driver: pdftex
* paper: a4paper
* layout: <same size as paper>
* layoutoffset:(h,v)=(0.0pt,0.0pt)
* hratio: 1:1
* vratio: 1:1
* modes: 
* h-part:(L,W,R)=(44.81126pt, 507.88533pt, 44.81128pt)
* v-part:(T,H,B)=(63.37593pt, 718.29497pt, 63.37595pt)
* \paperwidth=597.50787pt
* \paperheight=845.04684pt
* \textwidth=507.88533pt
* \textheight=718.29497pt
* \oddsidemargin=-27.45872pt
* \evensidemargin=-27.45872pt
* \topmargin=-45.89406pt
* \headheight=12.0pt
* \headsep=25.0pt
* \topskip=12.0pt
* \footskip=30.0pt
* \marginparwidth=35.0pt
* \marginparsep=10.0pt
* \columnsep=10.0pt
* \skip\footins=10.8pt plus 4.0pt minus 2.0pt
* \hoffset=0.0pt
* \voffset=0.0pt
* \mag=1000
* \@twocolumnfalse
* \@twosidefalse
* \@mparswitchfalse
* \@reversemarginfalse
* (1in=72.27pt=25.4mm, 1cm=28.453pt)

<images/greenspector_pres.jpg, id=197, 1284.8pt x 722.7pt>
File: images/greenspector_pres.jpg Graphic file (type jpg)
<use images/greenspector_pres.jpg>
Package pdftex.def Info: images/greenspector_pres.jpg  used on input line 46.
(pdftex.def)             Requested size: 507.88533pt x 285.6784pt.
LaTeX Font Info:    Try loading font information for OT1+lmr on input line 64.
(/usr/local/texlive/2018/texmf-dist/tex/latex/lm/ot1lmr.fd
File: ot1lmr.fd 2009/10/30 v1.6 Font defs for Latin Modern
)<<ot1.cmap>>
LaTeX Font Info:    Try loading font information for OML+lmm on input line 64.

(/usr/local/texlive/2018/texmf-dist/tex/latex/lm/omllmm.fd
File: omllmm.fd 2009/10/30 v1.6 Font defs for Latin Modern
)<<oml.cmap>>
LaTeX Font Info:    Try loading font information for OMS+lmsy on input line 64.


(/usr/local/texlive/2018/texmf-dist/tex/latex/lm/omslmsy.fd
File: omslmsy.fd 2009/10/30 v1.6 Font defs for Latin Modern
)<<oms.cmap>>
LaTeX Font Info:    Try loading font information for OMX+lmex on input line 64.


(/usr/local/texlive/2018/texmf-dist/tex/latex/lm/omxlmex.fd
File: omxlmex.fd 2009/10/30 v1.6 Font defs for Latin Modern
)
LaTeX Font Info:    External font `lmex10' loaded for size
(Font)              <12> on input line 64.
<<omx.cmap>>
LaTeX Font Info:    External font `lmex10' loaded for size
(Font)              <8> on input line 64.
LaTeX Font Info:    External font `lmex10' loaded for size
(Font)              <6> on input line 64.
<images/ecnlogo.png, id=202, 469.755pt x 277.035pt>
File: images/ecnlogo.png Graphic file (type png)
<use images/ecnlogo.png>
Package pdftex.def Info: images/ecnlogo.png  used on input line 78.
(pdftex.def)             Requested size: 152.36714pt x 89.85776pt.
<images/greenspector_logo.jpg, id=203, 420.57124pt x 115.43124pt>
File: images/greenspector_logo.jpg Graphic file (type jpg)
<use images/greenspector_logo.jpg>
Package pdftex.def Info: images/greenspector_logo.jpg  used on input line 82.
(pdftex.def)             Requested size: 152.36714pt x 41.81941pt.

[1

{/usr/local/texlive/2018/texmf-var/fonts/map/pdftex/updmap/pdftex.map} <./image
s/greenspector_pres.jpg> <./images/ecnlogo.png (PNG copy)> <./images/greenspect
or_logo.jpg>]pdfTeX warning (ext4): destination with the same identifier (name{
page.1}) has been already used, duplicate ignored
<to be read again> 
                   \relax 
l.102 \newpage
               [1

] (./rapport_sting_greenspector.toc
LaTeX Font Info:    Try loading font information for T1+lmtt on input line 37.

(/usr/local/texlive/2018/texmf-dist/tex/latex/lm/t1lmtt.fd
File: t1lmtt.fd 2009/10/30 v1.6 Font defs for Latin Modern
) [2

]
LaTeX Font Info:    Font shape `T1/lmtt/bx/n' in size <12> not available
(Font)              Font shape `T1/lmtt/b/n' tried instead on input line 77.
)
\tf@toc=\write7
\openout7 = `rapport_sting_greenspector.toc'.

 [3]
(./rapport_sting_greenspector.lof
Overfull \hbox (9.29655pt too wide) in paragraph at lines 15--15
 [][] [][]\T1/lmr/m/n/12 Instanciation de la confi-gu-ra-tion du port sé-rie da
ns le pro-gramme prin-ci-pal du \T1/lmtt/m/n/12 testrunner[] [][]  
 []

)
\tf@lof=\write8
\openout8 = `rapport_sting_greenspector.lof'.

 [4

] [5

]
Overfull \hbox (5.06656pt too wide) in paragraph at lines 132--133
[]\T1/lmr/m/n/12 Entre 2010 et 2014, \T1/lmr/m/sc/12 Ka-li-Terre \T1/lmr/m/n/12
 fi-nance sur fonds propres ses pro-jets de R&D sur l'éco-conception,
 []

LaTeX Font Info:    External font `lmex10' loaded for size
(Font)              <10> on input line 139.
LaTeX Font Info:    External font `lmex10' loaded for size
(Font)              <7> on input line 139.
LaTeX Font Info:    External font `lmex10' loaded for size
(Font)              <5> on input line 139.
[6

] [7

]
<images/architecture/Cloud.png, id=375, 1157.32375pt x 813.0375pt>
File: images/architecture/Cloud.png Graphic file (type png)
<use images/architecture/Cloud.png>
Package pdftex.def Info: images/architecture/Cloud.png  used on input line 190.

(pdftex.def)             Requested size: 507.88533pt x 356.79475pt.


LaTeX Font Warning: Font shape `T1/lmr/bx/sc' undefined
(Font)              using `T1/lmr/bx/n' instead on input line 191.

<images/architecture/On_Premises.png, id=377, 1136.245pt x 813.0375pt>
File: images/architecture/On_Premises.png Graphic file (type png)
<use images/architecture/On_Premises.png>
Package pdftex.def Info: images/architecture/On_Premises.png  used on input lin
e 197.
(pdftex.def)             Requested size: 507.88533pt x 363.41953pt.
[8 <./images/architecture/Cloud.png>] [9 <./images/architecture/On_Premises.png
>] [10] [11] [12] [13

]
<images/mesure_physique/ina219.jpg, id=435, 292.09125pt x 219.219pt>
File: images/mesure_physique/ina219.jpg Graphic file (type jpg)
<use images/mesure_physique/ina219.jpg>
Package pdftex.def Info: images/mesure_physique/ina219.jpg  used on input line 
349.
(pdftex.def)             Requested size: 304.73428pt x 228.7283pt.
<images/mesure_physique/arduinoUno.jpg, id=436, 391.4625pt x 248.42813pt>
File: images/mesure_physique/arduinoUno.jpg Graphic file (type jpg)
<use images/mesure_physique/arduinoUno.jpg>
Package pdftex.def Info: images/mesure_physique/arduinoUno.jpg  used on input l
ine 353.
(pdftex.def)             Requested size: 304.73428pt x 193.39787pt.
<images/mesure_physique/montage.png, id=438, 821.0675pt x 549.05125pt>
File: images/mesure_physique/montage.png Graphic file (type png)
<use images/mesure_physique/montage.png>
Package pdftex.def Info: images/mesure_physique/montage.png  used on input line
 363.
(pdftex.def)             Requested size: 406.3098pt x 271.70161pt.
 [14 <./images/mesure_physique/ina219.jpg> <./images/mesure_physique/arduinoUno
.jpg>]
<images/mesure_physique/montageiot.png, id=446, 1020.81375pt x 305.14pt>
File: images/mesure_physique/montageiot.png Graphic file (type png)
<use images/mesure_physique/montageiot.png>
Package pdftex.def Info: images/mesure_physique/montageiot.png  used on input l
ine 370.
(pdftex.def)             Requested size: 406.3098pt x 121.45319pt.
 [15 <./images/mesure_physique/montage.png> <./images/mesure_physique/montageio
t.png>] [16]
LaTeX Font Info:    Font shape `T1/lmtt/bx/n' in size <14.4> not available
(Font)              Font shape `T1/lmtt/b/n' tried instead on input line 412.

Overfull \hbox (40.25436pt too wide) in paragraph at lines 419--420
\T1/lmr/m/n/12 po-si-tif de me-sure grâce à une ins-tance de \T1/lmtt/m/n/12 Co
ntroller\T1/lmr/m/n/12 , et per-met de sto-cker (dans \T1/lmtt/m/n/12 hardwareM
easureResults\T1/lmr/m/n/12 )
 []

\openout3 = `rapport_sting_greenspector.pyg'.

(./_minted-rapport_sting_greenspector/default-pyg-prefix.pygstyle)
(./_minted-rapport_sting_greenspector/default.pygstyle)
(./_minted-rapport_sting_greenspector/A6CC17875090010E439B99AC8D928C107CD87DF30
17E6DEC83AD2F6D1F2E7CD9.pygtex)
\openout3 = `rapport_sting_greenspector.pyg'.


(./_minted-rapport_sting_greenspector/454BF875F791E75C906982333F1F0BC37CD87DF30
17E6DEC83AD2F6D1F2E7CD9.pygtex) [17]
Overfull \hbox (34.79617pt too wide) in paragraph at lines 459--460
\T1/lmr/m/n/12 vé/-dé-sac-tivé...) une ins-tance de \T1/lmtt/m/n/12 MeasureLaun
cher\T1/lmr/m/n/12 , et je l'ai ajou-tée à la struc-ture \T1/lmtt/m/n/12 APKJob
ExecutorModules\T1/lmr/m/n/12 .
 []

\openout3 = `rapport_sting_greenspector.pyg'.


(./_minted-rapport_sting_greenspector/DE3B784266EB47D1DDDE386434E30B6B7CD87DF30
17E6DEC83AD2F6D1F2E7CD9.pygtex)
\openout3 = `rapport_sting_greenspector.pyg'.


(./_minted-rapport_sting_greenspector/A0F722595354FA90FE2CD0D6B2109DD57CD87DF30
17E6DEC83AD2F6D1F2E7CD9.pygtex) [18]
\openout3 = `rapport_sting_greenspector.pyg'.


(./_minted-rapport_sting_greenspector/D5C4D73EEA14E9A93F720C79A704D9C27CD87DF30
17E6DEC83AD2F6D1F2E7CD9.pygtex) [19]
Overfull \hbox (7.43765pt too wide) in paragraph at lines 559--560
[]\T1/lmr/m/n/12 Pour ré-soudre ce pro-blème, j'ai ajouté le champ \T1/lmtt/m/n
/12 config \T1/lmr/m/n/12 de type \T1/lmtt/m/n/12 HardwareMeasureLauncherConfig

 []

\openout3 = `rapport_sting_greenspector.pyg'.


(./_minted-rapport_sting_greenspector/0D7B8BE7D0F8BF1D446E2C9E0B31F8507CD87DF30
17E6DEC83AD2F6D1F2E7CD9.pygtex)
\openout3 = `rapport_sting_greenspector.pyg'.


(./_minted-rapport_sting_greenspector/D1C4240B6ACE1680EDDAEE3D0E0F07FB7CD87DF30
17E6DEC83AD2F6D1F2E7CD9.pygtex) [20]
Overfull \hbox (22.03836pt too wide) in paragraph at lines 588--589
\T1/lmr/m/n/12 compte le delta tem-po-rel lors-qu'on stocke les points de me-su
re dans le ta-bleau \T1/lmtt/m/n/12 hardwareMeasureResults\T1/lmr/m/n/12 . 
 []

\openout3 = `rapport_sting_greenspector.pyg'.


(./_minted-rapport_sting_greenspector/0782A5119A4E5290D3E8D29DAB8FBC587CD87DF30
17E6DEC83AD2F6D1F2E7CD9.pygtex)
Overfull \hbox (29.76253pt too wide) in paragraph at lines 615--616
\T1/lmr/m/n/12 for-ma-tions du fi-chier de confi-gu-ra-tion \T1/lmtt/m/n/12 job
.yml\T1/lmr/m/n/12 ) et un \T1/lmtt/m/n/12 JobLauncher \T1/lmr/m/n/12 avec no-t
am-ment son \T1/lmtt/m/n/12 MeasureLauncher
 []

[21]
<images/mesure_physique/connecteursbatt.png, id=508, 545.03625pt x 362.35374pt>

File: images/mesure_physique/connecteursbatt.png Graphic file (type png)
<use images/mesure_physique/connecteursbatt.png>
Package pdftex.def Info: images/mesure_physique/connecteursbatt.png  used on in
put line 629.
(pdftex.def)             Requested size: 406.3098pt x 270.1225pt.
 [22 <./images/mesure_physique/connecteursbatt.png>] [23

]
\openout3 = `rapport_sting_greenspector.pyg'.


(./_minted-rapport_sting_greenspector/826777F9098498F131D34D03B09EE95147927304F
E44BC17D41FCB3E07640911.pygtex) [24]
Overfull \hbox (2.80943pt too wide) in paragraph at lines 729--730
[]\T1/lmr/m/n/12 J'ai testé quelques fonc-tion-na-li-tés de cet ou-til pour com
-pa-rer son uti-li-sa-tion à celle de \T1/lmtt/m/n/12 ios-deploy\T1/lmr/m/n/12 
. 
 []

<images/wda/wda-server.png, id=542, 1307.88625pt x 475.7775pt>
File: images/wda/wda-server.png Graphic file (type png)
<use images/wda/wda-server.png>
Package pdftex.def Info: images/wda/wda-server.png  used on input line 752.
(pdftex.def)             Requested size: 507.88533pt x 184.75389pt.
[25]
\openout3 = `rapport_sting_greenspector.pyg'.


(./_minted-rapport_sting_greenspector/2B73BEA134213FD2F666FC0531D38EA047927304F
E44BC17D41FCB3E07640911.pygtex) [26 <./images/wda/wda-server.png>]
LaTeX Font Info:    Font shape `T1/lmtt/bx/n' in size <17.28> not available
(Font)              Font shape `T1/lmtt/b/n' tried instead on input line 824.
 [27]
\openout3 = `rapport_sting_greenspector.pyg'.


(./_minted-rapport_sting_greenspector/1DD10213A94358A02F83CBACD0E281267CD87DF30
17E6DEC83AD2F6D1F2E7CD9.pygtex) [28]
\openout3 = `rapport_sting_greenspector.pyg'.


(./_minted-rapport_sting_greenspector/9D2A125C37138493BF2369FA774DD99F7CD87DF30
17E6DEC83AD2F6D1F2E7CD9.pygtex
LaTeX Font Info:    Try loading font information for TS1+lmtt on input line 8.

(/usr/local/texlive/2018/texmf-dist/tex/latex/lm/ts1lmtt.fd
File: ts1lmtt.fd 2009/10/30 v1.6 Font defs for Latin Modern
)) [29]
\openout3 = `rapport_sting_greenspector.pyg'.


(./_minted-rapport_sting_greenspector/29581AD0A2009105F392EDFB3E6F43507CD87DF30
17E6DEC83AD2F6D1F2E7CD9.pygtex)
\openout3 = `rapport_sting_greenspector.pyg'.


(./_minted-rapport_sting_greenspector/6A244298C4C318790C4B6A06AE28D4EA7CD87DF30
17E6DEC83AD2F6D1F2E7CD9.pygtex) [30] [31] [32]
<images/reference/chromebrowser.png, id=605, 1204.5pt x 2475.2475pt>
File: images/reference/chromebrowser.png Graphic file (type png)
<use images/reference/chromebrowser.png>
Package pdftex.def Info: images/reference/chromebrowser.png  used on input line
 999.
(pdftex.def)             Requested size: 152.36714pt x 313.10655pt.
\openout3 = `rapport_sting_greenspector.pyg'.


(./_minted-rapport_sting_greenspector/6005DB10EC1BA89C0A378AC24E676E0A6343E67C6
F32048ABF07681D927BEC06.pygtex) [33

 <./images/reference/chromebrowser.png>]
[34]
Annexe A.
<images/Interface/dashboard_vue_1.png, id=617, 1667.22874pt x 650.43pt>
File: images/Interface/dashboard_vue_1.png Graphic file (type png)
<use images/Interface/dashboard_vue_1.png>
Package pdftex.def Info: images/Interface/dashboard_vue_1.png  used on input li
ne 1034.
(pdftex.def)             Requested size: 507.88533pt x 198.1377pt.
<images/Interface/dashboard_vue_2.png, id=618, 1393.205pt x 713.66624pt>
File: images/Interface/dashboard_vue_2.png Graphic file (type png)
<use images/Interface/dashboard_vue_2.png>
Package pdftex.def Info: images/Interface/dashboard_vue_2.png  used on input li
ne 1041.
(pdftex.def)             Requested size: 507.88533pt x 260.16476pt.
<images/Interface/dashboard_vue_3.png, id=619, 1393.205pt x 814.04124pt>
File: images/Interface/dashboard_vue_3.png Graphic file (type png)
<use images/Interface/dashboard_vue_3.png>
Package pdftex.def Info: images/Interface/dashboard_vue_3.png  used on input li
ne 1048.
(pdftex.def)             Requested size: 507.88533pt x 296.75615pt.
[35

 <./images/Interface/dashboard_vue_1.png>] [36 <./images/Interface/dashboard_vu
e_2.png> <./images/Interface/dashboard_vue_3.png>]
Annexe B.
LaTeX Font Info:    Font shape `T1/lmtt/bx/n' in size <24.88> not available
(Font)              Font shape `T1/lmtt/b/n' tried instead on input line 1054.
\openout3 = `rapport_sting_greenspector.pyg'.


(./_minted-rapport_sting_greenspector/2FAE7A479287B9D68CA7264D16D19CFB7CD87DF30
17E6DEC83AD2F6D1F2E7CD9.pygtex
Overfull \hbox (23.16493pt too wide) in paragraph at lines 22--22
\T1/lmtt/m/n/12 settings.Job.GetStringSlice([]"job.authentication.actions"[]),|
  
 []


Overfull \hbox (10.81493pt too wide) in paragraph at lines 30--30
\T1/lmtt/m/n/12 settings.Job.GetString([]"greenspector.application.name"[]),|  

 []


Overfull \hbox (29.33994pt too wide) in paragraph at lines 31--31
\T1/lmtt/m/n/12 settings.Job.GetString([]"greenspector.application.version"[]),
|  
 []

[37

] [38]) [39]
Annexe C.
\openout3 = `rapport_sting_greenspector.pyg'.


(./_minted-rapport_sting_greenspector/C0117418A5957219A97FA0A656313F4C47927304F
E44BC17D41FCB3E07640911.pygtex [40

] [41])
\openout3 = `rapport_sting_greenspector.pyg'.


(./_minted-rapport_sting_greenspector/0A35B5A1CCD0C1E8110C24A8C077D93247927304F
E44BC17D41FCB3E07640911.pygtex [42]) (./rapport_sting_greenspector.bbl [43])
Package atveryend Info: Empty hook `BeforeClearDocument' on input line 1276.

[44

]
Package atveryend Info: Empty hook `AfterLastShipout' on input line 1276.
 (./rapport_sting_greenspector.aux)
Package atveryend Info: Executing hook `AtVeryEndDocument' on input line 1276.
Package atveryend Info: Executing hook `AtEndAfterFileList' on input line 1276.

Package rerunfilecheck Info: File `rapport_sting_greenspector.out' has not chan
ged.
(rerunfilecheck)             Checksum: AA26AECF6A23768EFF8BD5DD09D9EF00;3861.


LaTeX Font Warning: Some font shapes were not available, defaults substituted.

runsystem(rm rapport_sting_greenspector.pyg)...executed.

Package atveryend Info: Empty hook `AtVeryVeryEnd' on input line 1276.
 ) 
Here is how much of TeX's memory you used:
 14734 strings out of 492649
 242937 string characters out of 6129622
 394982 words of memory out of 5000000
 18054 multiletter control sequences out of 15000+600000
 101787 words of font info for 69 fonts, out of 8000000 for 9000
 1141 hyphenation exceptions out of 8191
 36i,11n,39p,1009b,657s stack positions out of 5000i,500n,10000p,200000b,80000s
{/usr/local/texlive/2018/texmf-dist/fonts/enc/dvips/lm/lm-ts1.enc}{/usr/local
/texlive/2018/texmf-dist/fonts/enc/dvips/lm/lm-mathsy.enc}{/usr/local/texlive/2
018/texmf-dist/fonts/enc/dvips/lm/lm-mathit.enc}{/usr/local/texlive/2018/texmf-
dist/fonts/enc/dvips/lm/lm-ec.enc}</usr/local/texlive/2018/texmf-dist/fonts/typ
e1/public/eurosym/feymr10.pfb></usr/local/texlive/2018/texmf-dist/fonts/type1/p
ublic/lm/lmbx10.pfb></usr/local/texlive/2018/texmf-dist/fonts/type1/public/lm/l
mbx12.pfb></usr/local/texlive/2018/texmf-dist/fonts/type1/public/lm/lmbxi10.pfb
></usr/local/texlive/2018/texmf-dist/fonts/type1/public/lm/lmcsc10.pfb></usr/lo
cal/texlive/2018/texmf-dist/fonts/type1/public/lm/lmmi6.pfb></usr/local/texlive
/2018/texmf-dist/fonts/type1/public/lm/lmr10.pfb></usr/local/texlive/2018/texmf
-dist/fonts/type1/public/lm/lmr12.pfb></usr/local/texlive/2018/texmf-dist/fonts
/type1/public/lm/lmr8.pfb></usr/local/texlive/2018/texmf-dist/fonts/type1/publi
c/lm/lmri10.pfb></usr/local/texlive/2018/texmf-dist/fonts/type1/public/lm/lmri1
2.pfb></usr/local/texlive/2018/texmf-dist/fonts/type1/public/lm/lmsy6.pfb></usr
/local/texlive/2018/texmf-dist/fonts/type1/public/lm/lmtk10.pfb></usr/local/tex
live/2018/texmf-dist/fonts/type1/public/lm/lmtt10.pfb></usr/local/texlive/2018/
texmf-dist/fonts/type1/public/lm/lmtt12.pfb></usr/local/texlive/2018/texmf-dist
/fonts/type1/public/lm/lmtti10.pfb>
Output written on rapport_sting_greenspector.pdf (45 pages, 2026380 bytes).
PDF statistics:
 765 PDF objects out of 1000 (max. 8388607)
 665 compressed objects within 7 object streams
 175 named destinations out of 1000 (max. 500000)
 480 words of extra memory for PDF output out of 10000 (max. 10000000)

