\BOOKMARK [1][-]{section.0.1}{Introduction}{}% 1
\BOOKMARK [1][-]{section.0.2}{Acquisition de la mesure}{}% 2
\BOOKMARK [2][-]{subsection.0.2.1}{Dispositif}{section.0.2}% 3
\BOOKMARK [2][-]{subsection.0.2.2}{Principe de la mesure}{section.0.2}% 4
\BOOKMARK [2][-]{subsection.0.2.3}{Start/Stop de la mesure}{section.0.2}% 5
\BOOKMARK [2][-]{subsection.0.2.4}{Code Arduino}{section.0.2}% 6
\BOOKMARK [1][-]{section.0.3}{Le module hardware dans le Test Runner}{}% 7
\BOOKMARK [2][-]{subsection.0.3.1}{Int\351gration et activation}{section.0.3}% 8
\BOOKMARK [2][-]{subsection.0.3.2}{Nomenclature des m\351triques}{section.0.3}% 9
\BOOKMARK [1][-]{section.0.4}{Mesures et analyse}{}% 10
\BOOKMARK [2][-]{subsection.0.4.1}{Premi\350res mesures}{section.0.4}% 11
\BOOKMARK [2][-]{subsection.0.4.2}{Analyse des mesures brutes}{section.0.4}% 12
\BOOKMARK [2][-]{subsection.0.4.3}{Analyse des mesures sur l'interface Greenspector}{section.0.4}% 13
\BOOKMARK [3][-]{subsubsection.0.4.3.1}{Comportement de la sonde logicielle}{subsection.0.4.3}% 14
\BOOKMARK [3][-]{subsubsection.0.4.3.2}{Comportement et fiabilit\351 de la sonde physique}{subsection.0.4.3}% 15
\BOOKMARK [2][-]{subsection.0.4.4}{Conclusion.s}{section.0.4}% 16
\BOOKMARK [1][-]{section.0.5}{Travail restant}{}% 17
\BOOKMARK [2][-]{subsection.0.5.1}{Montage}{section.0.5}% 18
\BOOKMARK [2][-]{subsection.0.5.2}{Int\351gration}{section.0.5}% 19
\BOOKMARK [2][-]{subsection.0.5.3}{Interface Greenspector}{section.0.5}% 20
